<?xml version="1.0" encoding="UTF-8"?>
<!-- Generated by org.testng.reporters.JUnitReportReporter -->
<testsuite hostname="NUV-5CG125CX1W" failures="0" tests="2" name="ATP.Register_User" time="20.102" errors="0" timestamp="2023-07-18T19:47:31 IST" skipped="0">
  <testcase classname="ATP.Register_User" name="loginUser" time="3.767"/>
  <testcase classname="ATP.Register_User" name="register" time="16.335"/>
</testsuite> <!-- ATP.Register_User -->
