<?xml version="1.0" encoding="UTF-8"?>
<!-- Generated by org.testng.reporters.JUnitReportReporter -->
<testsuite hostname="NUV-5CG125CX1W" failures="0" tests="1" name="ATP.Product_To_Cart" time="21.764" errors="0" timestamp="2023-06-27T10:58:03 IST" skipped="0">
  <testcase classname="ATP.Product_To_Cart" name="addProductToCart" time="21.764"/>
  <system-out/>
</testsuite> <!-- ATP.Product_To_Cart -->
