<?xml version="1.0" encoding="UTF-8"?>
<!-- Generated by org.testng.reporters.JUnitReportReporter -->
<testsuite hostname="NUV-5CG125CX1W" failures="0" tests="2" name="ATP.Register_User" time="9.212" errors="0" timestamp="2023-06-08T13:52:06 IST" skipped="0">
  <testcase classname="ATP.Register_User" name="register" time="6.969"/>
  <system-out/>
  <testcase classname="ATP.Register_User" name="loginUser" time="2.243"/>
  <system-out/>
</testsuite> <!-- ATP.Register_User -->
