<?xml version="1.0" encoding="UTF-8"?>
<!-- Generated by org.testng.reporters.JUnitReportReporter -->
<testsuite hostname="NUV-5CG125CX1W" failures="0" tests="1" name="ATP.test" time="34.333" errors="0" timestamp="2023-06-01T17:45:45 IST" skipped="0">
  <testcase classname="ATP.test" name="addProduct" time="34.333"/>
  <system-out/>
</testsuite> <!-- ATP.test -->
