<?xml version="1.0" encoding="UTF-8"?>
<!-- Generated by org.testng.reporters.JUnitReportReporter -->
<testsuite hostname="NUV-5CG125CX1W" failures="0" tests="1" name="ATP.Product_To_Cart" time="32.600" errors="0" timestamp="2023-07-18T19:27:50 IST" skipped="0">
  <testcase classname="ATP.Product_To_Cart" name="addProductToCart" time="32.600"/>
</testsuite> <!-- ATP.Product_To_Cart -->
